<?xml version="1.0" encoding="UTF-8"?>
<!-- Generated by org.testng.reporters.JUnitReportReporter -->
<testsuite skipped="0" hostname="DESKTOP-0DT4K5P" name="mavenPractice.APITest" tests="2" failures="0" timestamp="2021-05-07T18:02:56 EET" time="0.000" errors="0">
  <testcase name="APIAutomation2" time="0.000" classname="mavenPractice.APITest"/>
  <system-out/>
  <testcase name="APIAutomation" time="0.000" classname="mavenPractice.APITest"/>
  <system-out/>
</testsuite> <!-- mavenPractice.APITest -->
