<?xml version="1.0" encoding="UTF-8"?>
<!-- Generated by org.testng.reporters.JUnitReportReporter -->
<testsuite skipped="0" hostname="DESKTOP-0DT4K5P" name="mavenPractice.SeleniumTest" tests="2" failures="0" timestamp="2021-05-07T18:02:56 EET" time="0.003" errors="0">
  <testcase name="browserAutomation" time="0.003" classname="mavenPractice.SeleniumTest"/>
  <system-out/>
  <testcase name="browserAutomation2" time="0.000" classname="mavenPractice.SeleniumTest"/>
  <system-out/>
</testsuite> <!-- mavenPractice.SeleniumTest -->
