<?xml version="1.0" encoding="UTF-8"?>
<!-- Generated by org.testng.reporters.JUnitReportReporter -->
<testsuite skipped="0" hostname="DESKTOP-0DT4K5P" name="mavenPractice.AppiumTest" tests="2" failures="0" timestamp="2021-05-07T18:02:56 EET" time="0.000" errors="0">
  <testcase name="appiumAutomation2" time="0.000" classname="mavenPractice.AppiumTest"/>
  <system-out/>
  <testcase name="appiumAutomation" time="0.000" classname="mavenPractice.AppiumTest"/>
  <system-out/>
</testsuite> <!-- mavenPractice.AppiumTest -->
